d:\lt\game\metroid-1986\metroid_1986\debug\vc120.pdb
d:\lt\game\metroid-1986\metroid_1986\debug\vc120.idb
d:\lt\game\metroid-1986\metroid_1986\debug\global setting.obj
d:\lt\game\metroid-1986\metroid_1986\debug\object.obj
d:\lt\game\metroid-1986\metroid_1986\debug\scenemain.obj
d:\lt\game\metroid-1986\metroid_1986\debug\scenemenu.obj
d:\lt\game\metroid-1986\metroid_1986\debug\sprite.obj
d:\lt\game\metroid-1986\metroid_1986\debug\winmain.obj
d:\lt\game\metroid-1986\metroid_1986\debug\font.obj
d:\lt\game\metroid-1986\metroid_1986\debug\game.obj
d:\lt\game\metroid-1986\metroid_1986\debug\scene.obj
d:\lt\game\metroid-1986\debug\metroid_1986.ilk
d:\lt\game\metroid-1986\debug\metroid_1986.exe
d:\lt\game\metroid-1986\debug\metroid_1986.pdb
d:\lt\game\metroid-1986\metroid_1986\debug\metroid_1986.tlog\cl.command.1.tlog
d:\lt\game\metroid-1986\metroid_1986\debug\metroid_1986.tlog\cl.read.1.tlog
d:\lt\game\metroid-1986\metroid_1986\debug\metroid_1986.tlog\cl.write.1.tlog
d:\lt\game\metroid-1986\metroid_1986\debug\metroid_1986.tlog\link.command.1.tlog
d:\lt\game\metroid-1986\metroid_1986\debug\metroid_1986.tlog\link.read.1.tlog
d:\lt\game\metroid-1986\metroid_1986\debug\metroid_1986.tlog\link.write.1.tlog
