d:\lt\game\metroid-1986\metroid_1986\release\vc120.pdb
d:\lt\game\metroid-1986\metroid_1986\release\sprite.obj
d:\lt\game\metroid-1986\metroid_1986\release\scenemenu.obj
d:\lt\game\metroid-1986\metroid_1986\release\scenemain.obj
d:\lt\game\metroid-1986\metroid_1986\release\scenegame.obj
d:\lt\game\metroid-1986\metroid_1986\release\sceneend.obj
d:\lt\game\metroid-1986\metroid_1986\release\scene.obj
d:\lt\game\metroid-1986\metroid_1986\release\quadtree.obj
d:\lt\game\metroid-1986\metroid_1986\release\player.obj
d:\lt\game\metroid-1986\metroid_1986\release\hedgehog.obj
d:\lt\game\metroid-1986\metroid_1986\release\ground.obj
d:\lt\game\metroid-1986\metroid_1986\release\gameobject.obj
d:\lt\game\metroid-1986\metroid_1986\release\global setting.obj
d:\lt\game\metroid-1986\metroid_1986\release\game.obj
d:\lt\game\metroid-1986\metroid_1986\release\font.obj
d:\lt\game\metroid-1986\metroid_1986\release\collision.obj
d:\lt\game\metroid-1986\metroid_1986\release\camera.obj
d:\lt\game\metroid-1986\metroid_1986\release\bullet.obj
d:\lt\game\metroid-1986\metroid_1986\release\backgroundmap.obj
d:\lt\game\metroid-1986\metroid_1986\release\animation.obj
d:\lt\game\metroid-1986\metroid_1986\release\aabb.obj
d:\lt\game\metroid-1986\metroid_1986\release\winmain.obj
d:\lt\game\metroid-1986\metroid_1986\release\ui.obj
d:\lt\game\metroid-1986\metroid_1986\release\tilegrid.obj
d:\lt\game\metroid-1986\metroid_1986\release\tile.obj
d:\lt\game\metroid-1986\metroid_1986\release\texture2.obj
d:\lt\game\metroid-1986\metroid_1986\release\texturecollection.obj
d:\lt\game\metroid-1986\release\metroid_1986.exe
d:\lt\game\metroid-1986\release\metroid_1986.pdb
d:\lt\game\metroid-1986\metroid_1986\release\metroid_1986.tlog\cl.command.1.tlog
d:\lt\game\metroid-1986\metroid_1986\release\metroid_1986.tlog\cl.read.1.tlog
d:\lt\game\metroid-1986\metroid_1986\release\metroid_1986.tlog\cl.write.1.tlog
d:\lt\game\metroid-1986\metroid_1986\release\metroid_1986.tlog\link.command.1.tlog
d:\lt\game\metroid-1986\metroid_1986\release\metroid_1986.tlog\link.read.1.tlog
d:\lt\game\metroid-1986\metroid_1986\release\metroid_1986.tlog\link.write.1.tlog
