Build started 12/31/2017 7:20:22 PM.
     1>Project "D:\LT\Game\Metroid-1986\Metroid_1986\Metroid_1986.vcxproj" on node 2 (Build target(s)).
     1>ClCompile:
         C:\Program Files (x86)\Microsoft Visual Studio 12.0\VC\bin\CL.exe /c /Zi /nologo /W3 /WX- /sdl /O2 /Oi /Oy- /GL /D _MBCS /D _MBCS /D _CRT_SECURE_NO_WARNINGS /Gm- /EHsc /MD /GS /Gy /fp:precise /Zc:wchar_t /Zc:forScope /Fo"Release\\" /Fd"Release\vc120.pdb" /Gd /TP /analyze- /errorReport:prompt AABB.cpp Animation.cpp BackgroundMap.cpp BubbleDoor.cpp Bullet.cpp Camera.cpp Collision.cpp Font.cpp Game.cpp Gate.cpp "Global Setting.cpp" GameObject.cpp Ground.cpp HPTonic.cpp Ripper.cpp Skree.cpp Waver.cpp Zeb.cpp Zoomer.cpp Player.cpp QuadTree.cpp Scene.cpp SceneGame.cpp SceneMain.cpp SceneMenu.cpp MaruMari.cpp Sprite.cpp TextureCollection.cpp Texture2.cpp Tile.cpp TileGrid.cpp Infor.cpp WinMain.cpp
         AABB.cpp
     1>AABB.cpp(15): warning C4244: 'initializing' : conversion from 'float' to 'LONG', possible loss of data
         Animation.cpp
         C:\Program Files (x86)\Microsoft DirectX SDK (June 2010)\Include\dinput.h: DIRECTINPUT_VERSION undefined. Defaulting to version 0x0800
     1>Animation.cpp(41): warning C4018: '<' : signed/unsigned mismatch
         BackgroundMap.cpp
         C:\Program Files (x86)\Microsoft DirectX SDK (June 2010)\Include\dinput.h: DIRECTINPUT_VERSION undefined. Defaulting to version 0x0800
     1>BackgroundMap.cpp(55): warning C4244: 'argument' : conversion from 'FLOAT' to 'int', possible loss of data
         BubbleDoor.cpp
         C:\Program Files (x86)\Microsoft DirectX SDK (June 2010)\Include\dinput.h: DIRECTINPUT_VERSION undefined. Defaulting to version 0x0800
     1>BubbleDoor.cpp(39): warning C4244: 'argument' : conversion from 'FLOAT' to 'int', possible loss of data
         Bullet.cpp
         C:\Program Files (x86)\Microsoft DirectX SDK (June 2010)\Include\dinput.h: DIRECTINPUT_VERSION undefined. Defaulting to version 0x0800
     1>Bullet.cpp(142): warning C4244: 'argument' : conversion from 'float' to 'int', possible loss of data
         Camera.cpp
         C:\Program Files (x86)\Microsoft DirectX SDK (June 2010)\Include\dinput.h: DIRECTINPUT_VERSION undefined. Defaulting to version 0x0800
     1>Camera.cpp(13): warning C4244: '=' : conversion from 'int' to 'FLOAT', possible loss of data
     1>Camera.cpp(24): warning C4244: 'initializing' : conversion from 'FLOAT' to 'LONG', possible loss of data
     1>Camera.cpp(32): warning C4244: '=' : conversion from 'int' to 'FLOAT', possible loss of data
     1>Camera.cpp(34): warning C4244: '=' : conversion from 'int' to 'FLOAT', possible loss of data
     1>Camera.cpp(38): warning C4244: '=' : conversion from 'LONG' to 'FLOAT', possible loss of data
     1>Camera.cpp(40): warning C4244: '=' : conversion from 'LONG' to 'FLOAT', possible loss of data
     1>Camera.cpp(90): warning C4244: 'argument' : conversion from 'int' to 'FLOAT', possible loss of data
         Collision.cpp
         C:\Program Files (x86)\Microsoft DirectX SDK (June 2010)\Include\dinput.h: DIRECTINPUT_VERSION undefined. Defaulting to version 0x0800
     1>Collision.cpp(17): warning C4244: '+=' : conversion from 'float' to 'int', possible loss of data
     1>Collision.cpp(18): warning C4244: '+=' : conversion from 'float' to 'int', possible loss of data
     1>Collision.cpp(22): warning C4244: 'argument' : conversion from 'int' to 'float', possible loss of data
     1>Collision.cpp(27): warning C4244: '+=' : conversion from 'float' to 'int', possible loss of data
     1>Collision.cpp(28): warning C4244: '+=' : conversion from 'float' to 'int', possible loss of data
     1>Collision.cpp(65): warning C4244: '=' : conversion from 'LONG' to 'float', possible loss of data
     1>Collision.cpp(66): warning C4244: '=' : conversion from 'LONG' to 'float', possible loss of data
     1>Collision.cpp(70): warning C4244: '=' : conversion from 'LONG' to 'float', possible loss of data
     1>Collision.cpp(71): warning C4244: '=' : conversion from 'LONG' to 'float', possible loss of data
     1>Collision.cpp(76): warning C4244: '=' : conversion from 'LONG' to 'float', possible loss of data
     1>Collision.cpp(77): warning C4244: '=' : conversion from 'LONG' to 'float', possible loss of data
     1>Collision.cpp(81): warning C4244: '=' : conversion from 'LONG' to 'float', possible loss of data
     1>Collision.cpp(82): warning C4244: '=' : conversion from 'LONG' to 'float', possible loss of data
     1>Collision.cpp(160): warning C4244: '=' : conversion from 'FLOAT' to 'LONG', possible loss of data
     1>Collision.cpp(161): warning C4244: '=' : conversion from 'FLOAT' to 'LONG', possible loss of data
     1>Collision.cpp(162): warning C4244: '=' : conversion from 'FLOAT' to 'LONG', possible loss of data
     1>Collision.cpp(163): warning C4244: '=' : conversion from 'FLOAT' to 'LONG', possible loss of data
     1>Collision.cpp(170): warning C4244: 'initializing' : conversion from 'LONG' to 'float', possible loss of data
     1>Collision.cpp(171): warning C4244: 'initializing' : conversion from 'LONG' to 'float', possible loss of data
     1>Collision.cpp(172): warning C4244: 'initializing' : conversion from 'LONG' to 'float', possible loss of data
     1>Collision.cpp(173): warning C4244: 'initializing' : conversion from 'LONG' to 'float', possible loss of data
     1>Collision.cpp(223): warning C4244: 'initializing' : conversion from 'LONG' to 'float', possible loss of data
     1>Collision.cpp(224): warning C4244: 'initializing' : conversion from 'LONG' to 'float', possible loss of data
     1>Collision.cpp(225): warning C4244: 'initializing' : conversion from 'LONG' to 'float', possible loss of data
     1>Collision.cpp(226): warning C4244: 'initializing' : conversion from 'LONG' to 'float', possible loss of data
         Font.cpp
         C:\Program Files (x86)\Microsoft DirectX SDK (June 2010)\Include\dinput.h: DIRECTINPUT_VERSION undefined. Defaulting to version 0x0800
     1>Font.cpp(40): warning C4244: '=' : conversion from 'float' to 'LONG', possible loss of data
     1>Font.cpp(41): warning C4244: '=' : conversion from 'float' to 'LONG', possible loss of data
     1>Font.cpp(59): warning C4018: '>=' : signed/unsigned mismatch
     1>Font.cpp(73): warning C4018: '>=' : signed/unsigned mismatch
         Game.cpp
         C:\Program Files (x86)\Microsoft DirectX SDK (June 2010)\Include\dinput.h: DIRECTINPUT_VERSION undefined. Defaulting to version 0x0800
     1>d:\lt\game\metroid-1986\metroid_1986\SceneMenu.h(8): warning C4005: 'COLOR_MENU' : macro redefinition
                 C:\Program Files (x86)\Windows Kits\8.1\Include\um\winuser.h(9068) : see previous definition of 'COLOR_MENU'
         Gate.cpp
         C:\Program Files (x86)\Microsoft DirectX SDK (June 2010)\Include\dinput.h: DIRECTINPUT_VERSION undefined. Defaulting to version 0x0800
         Global Setting.cpp
         C:\Program Files (x86)\Microsoft DirectX SDK (June 2010)\Include\dinput.h: DIRECTINPUT_VERSION undefined. Defaulting to version 0x0800
         GameObject.cpp
         C:\Program Files (x86)\Microsoft DirectX SDK (June 2010)\Include\dinput.h: DIRECTINPUT_VERSION undefined. Defaulting to version 0x0800
     1>GameObject.cpp(34): warning C4244: 'initializing' : conversion from 'float' to 'LONG', possible loss of data
     1>GameObject.cpp(150): warning C4244: '+=' : conversion from 'float' to 'int', possible loss of data
     1>GameObject.cpp(151): warning C4244: '+=' : conversion from 'float' to 'int', possible loss of data
     1>GameObject.cpp(189): warning C4244: 'argument' : conversion from 'FLOAT' to 'int', possible loss of data
         Ground.cpp
         C:\Program Files (x86)\Microsoft DirectX SDK (June 2010)\Include\dinput.h: DIRECTINPUT_VERSION undefined. Defaulting to version 0x0800
         HPTonic.cpp
         C:\Program Files (x86)\Microsoft DirectX SDK (June 2010)\Include\dinput.h: DIRECTINPUT_VERSION undefined. Defaulting to version 0x0800
         Ripper.cpp
         C:\Program Files (x86)\Microsoft DirectX SDK (June 2010)\Include\dinput.h: DIRECTINPUT_VERSION undefined. Defaulting to version 0x0800
     1>Ripper.cpp(77): warning C4244: 'argument' : conversion from 'FLOAT' to 'int', possible loss of data
     1>Ripper.cpp(80): warning C4244: 'argument' : conversion from 'FLOAT' to 'int', possible loss of data
     1>Ripper.cpp(93): warning C4244: 'argument' : conversion from 'float' to 'int', possible loss of data
         Skree.cpp
         C:\Program Files (x86)\Microsoft DirectX SDK (June 2010)\Include\dinput.h: DIRECTINPUT_VERSION undefined. Defaulting to version 0x0800
     1>Skree.cpp(14): warning C4305: '=' : truncation from 'double' to 'float'
     1>Skree.cpp(92): warning C4244: 'argument' : conversion from 'float' to 'int', possible loss of data
         Waver.cpp
         Zeb.cpp
         C:\Program Files (x86)\Microsoft DirectX SDK (June 2010)\Include\dinput.h: DIRECTINPUT_VERSION undefined. Defaulting to version 0x0800
     1>Zeb.cpp(48): warning C4244: 'initializing' : conversion from 'float' to 'int', possible loss of data
     1>Zeb.cpp(97): warning C4244: 'argument' : conversion from 'FLOAT' to 'int', possible loss of data
     1>Zeb.cpp(100): warning C4244: 'argument' : conversion from 'FLOAT' to 'int', possible loss of data
     1>Zeb.cpp(114): warning C4244: 'argument' : conversion from 'float' to 'int', possible loss of data
         Zoomer.cpp
         C:\Program Files (x86)\Microsoft DirectX SDK (June 2010)\Include\dinput.h: DIRECTINPUT_VERSION undefined. Defaulting to version 0x0800
     1>Zoomer.cpp(104): warning C4244: 'argument' : conversion from 'float' to 'int', possible loss of data
     1>Zoomer.cpp(166): warning C4244: '=' : conversion from 'double' to 'int', possible loss of data
     1>Zoomer.cpp(171): warning C4244: '=' : conversion from 'double' to 'int', possible loss of data
     1>Zoomer.cpp(175): warning C4244: '=' : conversion from 'double' to 'int', possible loss of data
     1>Zoomer.cpp(180): warning C4244: '=' : conversion from 'double' to 'int', possible loss of data
         Player.cpp
         C:\Program Files (x86)\Microsoft DirectX SDK (June 2010)\Include\dinput.h: DIRECTINPUT_VERSION undefined. Defaulting to version 0x0800
     1>Player.cpp(108): warning C4244: 'initializing' : conversion from 'float' to 'LONG', possible loss of data
     1>Player.cpp(147): warning C4244: 'initializing' : conversion from 'float' to 'LONG', possible loss of data
     1>Player.cpp(209): warning C4244: 'argument' : conversion from 'float' to 'int', possible loss of data
     1>Player.cpp(223): warning C4244: 'argument' : conversion from 'float' to 'int', possible loss of data
     1>Player.cpp(274): warning C4244: 'argument' : conversion from 'float' to 'int', possible loss of data
     1>Player.cpp(337): warning C4244: '+=' : conversion from 'float' to 'int', possible loss of data
     1>Player.cpp(338): warning C4244: '+=' : conversion from 'float' to 'int', possible loss of data
     1>Player.cpp(445): warning C4244: 'argument' : conversion from 'FLOAT' to 'int', possible loss of data
     1>Player.cpp(447): warning C4244: 'argument' : conversion from 'FLOAT' to 'int', possible loss of data
     1>Player.cpp(461): warning C4244: 'argument' : conversion from 'FLOAT' to 'int', possible loss of data
     1>Player.cpp(463): warning C4244: 'argument' : conversion from 'FLOAT' to 'int', possible loss of data
     1>Player.cpp(476): warning C4244: 'argument' : conversion from 'FLOAT' to 'int', possible loss of data
     1>Player.cpp(478): warning C4244: 'argument' : conversion from 'FLOAT' to 'int', possible loss of data
     1>Player.cpp(574): warning C4390: ';' : empty controlled statement found; is this the intent?
     1>Player.cpp(627): warning C4390: ';' : empty controlled statement found; is this the intent?
     1>Player.cpp(671): warning C4390: ';' : empty controlled statement found; is this the intent?
     1>Player.cpp(673): warning C4390: ';' : empty controlled statement found; is this the intent?
     1>Player.cpp(695): warning C4390: ';' : empty controlled statement found; is this the intent?
     1>Player.cpp(701): warning C4390: ';' : empty controlled statement found; is this the intent?
     1>Player.cpp(703): warning C4390: ';' : empty controlled statement found; is this the intent?
     1>Player.cpp(721): warning C4244: 'argument' : conversion from 'FLOAT' to 'int', possible loss of data
     1>Player.cpp(746): warning C4244: 'initializing' : conversion from 'LONG' to 'float', possible loss of data
     1>Player.cpp(736): warning C4101: 'direction' : unreferenced local variable
         Compiling...
         QuadTree.cpp
         C:\Program Files (x86)\Microsoft DirectX SDK (June 2010)\Include\dinput.h: DIRECTINPUT_VERSION undefined. Defaulting to version 0x0800
         Scene.cpp
         C:\Program Files (x86)\Microsoft DirectX SDK (June 2010)\Include\dinput.h: DIRECTINPUT_VERSION undefined. Defaulting to version 0x0800
         SceneGame.cpp
         C:\Program Files (x86)\Microsoft DirectX SDK (June 2010)\Include\dinput.h: DIRECTINPUT_VERSION undefined. Defaulting to version 0x0800
     1>d:\lt\game\metroid-1986\metroid_1986\SceneMenu.h(8): warning C4005: 'COLOR_MENU' : macro redefinition
                 C:\Program Files (x86)\Windows Kits\8.1\Include\um\winuser.h(9068) : see previous definition of 'COLOR_MENU'
     1>SceneGame.cpp(34): warning C4244: '=' : conversion from 'int' to 'FLOAT', possible loss of data
     1>SceneGame.cpp(135): warning C4244: 'argument' : conversion from 'int' to 'float', possible loss of data
         SceneMain.cpp
         C:\Program Files (x86)\Microsoft DirectX SDK (June 2010)\Include\dinput.h: DIRECTINPUT_VERSION undefined. Defaulting to version 0x0800
     1>d:\lt\game\metroid-1986\metroid_1986\SceneMenu.h(8): warning C4005: 'COLOR_MENU' : macro redefinition
                 C:\Program Files (x86)\Windows Kits\8.1\Include\um\winuser.h(9068) : see previous definition of 'COLOR_MENU'
         SceneMenu.cpp
         C:\Program Files (x86)\Microsoft DirectX SDK (June 2010)\Include\dinput.h: DIRECTINPUT_VERSION undefined. Defaulting to version 0x0800
     1>d:\lt\game\metroid-1986\metroid_1986\SceneMenu.h(8): warning C4005: 'COLOR_MENU' : macro redefinition
                 C:\Program Files (x86)\Windows Kits\8.1\Include\um\winuser.h(9068) : see previous definition of 'COLOR_MENU'
     1>SceneMenu.cpp(27): warning C4244: 'argument' : conversion from 'int' to 'float', possible loss of data
     1>SceneMenu.cpp(28): warning C4244: 'argument' : conversion from 'int' to 'float', possible loss of data
         MaruMari.cpp
         C:\Program Files (x86)\Microsoft DirectX SDK (June 2010)\Include\dinput.h: DIRECTINPUT_VERSION undefined. Defaulting to version 0x0800
         Sprite.cpp
         C:\Program Files (x86)\Microsoft DirectX SDK (June 2010)\Include\dinput.h: DIRECTINPUT_VERSION undefined. Defaulting to version 0x0800
     1>Sprite.cpp(69): warning C4244: 'argument' : conversion from 'float' to 'int', possible loss of data
         TextureCollection.cpp
         C:\Program Files (x86)\Microsoft DirectX SDK (June 2010)\Include\dinput.h: DIRECTINPUT_VERSION undefined. Defaulting to version 0x0800
         Texture2.cpp
         C:\Program Files (x86)\Microsoft DirectX SDK (June 2010)\Include\dinput.h: DIRECTINPUT_VERSION undefined. Defaulting to version 0x0800
         Tile.cpp
         C:\Program Files (x86)\Microsoft DirectX SDK (June 2010)\Include\dinput.h: DIRECTINPUT_VERSION undefined. Defaulting to version 0x0800
         TileGrid.cpp
         C:\Program Files (x86)\Microsoft DirectX SDK (June 2010)\Include\dinput.h: DIRECTINPUT_VERSION undefined. Defaulting to version 0x0800
     1>TileGrid.cpp(97): warning C4018: '<' : signed/unsigned mismatch
     1>TileGrid.cpp(123): warning C4244: 'argument' : conversion from 'FLOAT' to 'int', possible loss of data
     1>TileGrid.cpp(142): warning C4018: '<' : signed/unsigned mismatch
     1>TileGrid.cpp(147): warning C4018: '<' : signed/unsigned mismatch
     1>TileGrid.cpp(178): warning C4018: '<' : signed/unsigned mismatch
     1>TileGrid.cpp(191): warning C4390: ';' : empty controlled statement found; is this the intent?
     1>TileGrid.cpp(241): warning C4244: 'argument' : conversion from 'FLOAT' to 'int', possible loss of data
     1>TileGrid.cpp(251): warning C4018: '<' : signed/unsigned mismatch
     1>TileGrid.cpp(278): warning C4018: '<' : signed/unsigned mismatch
     1>TileGrid.cpp(294): warning C4018: '<' : signed/unsigned mismatch
     1>TileGrid.cpp(298): warning C4018: '<' : signed/unsigned mismatch
     1>TileGrid.cpp(309): warning C4018: '<' : signed/unsigned mismatch
     1>TileGrid.cpp(313): warning C4018: '<' : signed/unsigned mismatch
     1>TileGrid.cpp(434): warning C4244: 'argument' : conversion from 'int' to 'float', possible loss of data
     1>TileGrid.cpp(437): warning C4244: 'argument' : conversion from 'int' to 'float', possible loss of data
     1>TileGrid.cpp(441): warning C4244: 'argument' : conversion from 'int' to 'float', possible loss of data
     1>TileGrid.cpp(443): warning C4244: 'argument' : conversion from 'int' to 'float', possible loss of data
     1>TileGrid.cpp(447): warning C4244: 'argument' : conversion from 'int' to 'float', possible loss of data
     1>TileGrid.cpp(451): warning C4244: 'argument' : conversion from 'int' to 'float', possible loss of data
     1>TileGrid.cpp(517): warning C4244: 'argument' : conversion from 'int' to 'float', possible loss of data
     1>TileGrid.cpp(518): warning C4244: 'argument' : conversion from 'int' to 'float', possible loss of data
     1>TileGrid.cpp(536): warning C4244: 'argument' : conversion from 'int' to 'float', possible loss of data
     1>TileGrid.cpp(537): warning C4244: 'argument' : conversion from 'int' to 'float', possible loss of data
         Infor.cpp
         C:\Program Files (x86)\Microsoft DirectX SDK (June 2010)\Include\dinput.h: DIRECTINPUT_VERSION undefined. Defaulting to version 0x0800
         WinMain.cpp
         C:\Program Files (x86)\Microsoft DirectX SDK (June 2010)\Include\dinput.h: DIRECTINPUT_VERSION undefined. Defaulting to version 0x0800
     1>d:\lt\game\metroid-1986\metroid_1986\SceneMenu.h(8): warning C4005: 'COLOR_MENU' : macro redefinition
                 C:\Program Files (x86)\Windows Kits\8.1\Include\um\winuser.h(9068) : see previous definition of 'COLOR_MENU'
       Link:
         C:\Program Files (x86)\Microsoft Visual Studio 12.0\VC\bin\link.exe /ERRORREPORT:PROMPT /OUT:"D:\LT\Game\Metroid-1986\Release\Metroid_1986.exe" /NOLOGO d3d9.lib d3dx9.lib dinput8.lib dxguid.lib kernel32.lib user32.lib gdi32.lib winspool.lib comdlg32.lib advapi32.lib shell32.lib ole32.lib oleaut32.lib uuid.lib odbc32.lib odbccp32.lib /MANIFEST /MANIFESTUAC:"level='asInvoker' uiAccess='false'" /manifest:embed /DEBUG /PDB:"D:\LT\Game\Metroid-1986\Release\Metroid_1986.pdb" /OPT:REF /OPT:ICF /LTCG /TLBID:1 /DYNAMICBASE /NXCOMPAT /IMPLIB:"D:\LT\Game\Metroid-1986\Release\Metroid_1986.lib" /MACHINE:X86 /SAFESEH Release\AABB.obj
         Release\Animation.obj
         Release\BackgroundMap.obj
         Release\BubbleDoor.obj
         Release\Bullet.obj
         Release\Camera.obj
         Release\Collision.obj
         Release\Font.obj
         Release\Game.obj
         Release\Gate.obj
         "Release\Global Setting.obj"
         Release\GameObject.obj
         Release\Ground.obj
         Release\HPTonic.obj
         Release\Ripper.obj
         Release\Skree.obj
         Release\Waver.obj
         Release\Zeb.obj
         Release\Zoomer.obj
         Release\Player.obj
         Release\QuadTree.obj
         Release\Scene.obj
         Release\SceneEnd.obj
         Release\SceneGame.obj
         Release\SceneMain.obj
         Release\SceneMenu.obj
         Release\MaruMari.obj
         Release\Sprite.obj
         Release\TextureCollection.obj
         Release\Texture2.obj
         Release\Tile.obj
         Release\TileGrid.obj
         Release\Infor.obj
         Release\WinMain.obj
         Generating code
     1>d:\lt\game\metroid-1986\metroid_1986\texturecollection.cpp(55): warning C4715: 'TextureCollection::getTexture2' : not all control paths return a value
     1>d:\lt\game\metroid-1986\metroid_1986\gameobject.cpp(75): warning C4715: 'GameObject::getObjectType' : not all control paths return a value
     1>d:\lt\game\metroid-1986\metroid_1986\tilegrid.cpp(495): warning C4715: 'TileGrid::CreateObject' : not all control paths return a value
         Finished generating code
         Metroid_1986.vcxproj -> D:\LT\Game\Metroid-1986\Release\Metroid_1986.exe
     1>Done Building Project "D:\LT\Game\Metroid-1986\Metroid_1986\Metroid_1986.vcxproj" (Build target(s)).

Build succeeded.

Time Elapsed 00:00:29.01
